<?xml version="1.0" encoding="UTF-8"?>
<!-- Generated by org.testng.reporters.JUnitXMLReporter -->
<testsuite ignored="0" hostname="DESKTOP-9CPBSUT" failures="0" tests="3" name="chromeTest" time="47.145" errors="0" timestamp="2023-05-05T14:34:59 IST">
  <testcase classname="actitimeapp.testscript.DropdownHandling" name="handleDropdown" time="6.396"/>
  <testcase classname="actitimeapp.testscript.CreateCustomer" name="customerCreation" time="7.237"/>
  <testcase classname="actitimeapp.testscript.AlertHandling" name="handleAlert" time="6.686"/>
</testsuite> <!-- chromeTest -->
