<?xml version="1.0" encoding="UTF-8"?>
<!-- Generated by org.testng.reporters.JUnitXMLReporter -->
<testsuite ignored="0" hostname="DESKTOP-9CPBSUT" failures="0" tests="3" name="edgeTest" time="45.851" errors="0" timestamp="2023-05-05T14:34:58 IST">
  <testcase classname="actitimeapp.testscript.DropdownHandling" name="handleDropdown" time="5.79"/>
  <testcase classname="actitimeapp.testscript.CreateCustomer" name="customerCreation" time="6.912"/>
  <testcase classname="actitimeapp.testscript.AlertHandling" name="handleAlert" time="6.386"/>
</testsuite> <!-- edgeTest -->
