<?xml version="1.0" encoding="UTF-8"?>
<testng-results ignored="0" total="1" passed="1" failed="0" skipped="0">
  <reporter-output>
  </reporter-output>
  <suite started-at="2023-05-09T14:38:20 IST" name="Default suite" finished-at="2023-05-09T14:38:38 IST" duration-ms="17896">
    <groups>
    </groups>
    <test started-at="2023-05-09T14:38:20 IST" name="Default test" finished-at="2023-05-09T14:38:38 IST" duration-ms="17896">
      <class name="actitimeapp.testscript.DropdownHandling">
        <test-method is-config="true" signature="launchBrowser()[pri:0, instance:actitimeapp.testscript.DropdownHandling@5a45133e]" started-at="2023-05-09T14:38:20 IST" name="launchBrowser" finished-at="2023-05-09T14:38:23 IST" duration-ms="2956" status="PASS">
          <reporter-output>
          </reporter-output>
        </test-method> <!-- launchBrowser -->
        <test-method is-config="true" signature="login()[pri:0, instance:actitimeapp.testscript.DropdownHandling@5a45133e]" started-at="2023-05-09T14:38:23 IST" name="login" finished-at="2023-05-09T14:38:33 IST" duration-ms="9705" status="PASS">
          <reporter-output>
          </reporter-output>
        </test-method> <!-- login -->
        <test-method signature="handleDropdown()[pri:0, instance:actitimeapp.testscript.DropdownHandling@5a45133e]" started-at="2023-05-09T14:38:33 IST" name="handleDropdown" finished-at="2023-05-09T14:38:38 IST" duration-ms="4848" status="PASS">
          <reporter-output>
          </reporter-output>
        </test-method> <!-- handleDropdown -->
        <test-method is-config="true" signature="logout()[pri:0, instance:actitimeapp.testscript.DropdownHandling@5a45133e]" started-at="2023-05-09T14:38:38 IST" name="logout" finished-at="2023-05-09T14:38:38 IST" duration-ms="105" status="PASS">
          <reporter-output>
          </reporter-output>
        </test-method> <!-- logout -->
        <test-method is-config="true" signature="closeBrowser()[pri:0, instance:actitimeapp.testscript.DropdownHandling@5a45133e]" started-at="2023-05-09T14:38:38 IST" name="closeBrowser" finished-at="2023-05-09T14:38:38 IST" duration-ms="231" status="PASS">
          <reporter-output>
          </reporter-output>
        </test-method> <!-- closeBrowser -->
      </class> <!-- actitimeapp.testscript.DropdownHandling -->
    </test> <!-- Default test -->
  </suite> <!-- Default suite -->
</testng-results>
